<?xml version="1.0" encoding="UTF-8"?>
<beans xmlns="http://www.springframework.org/schema/beans"
       xmlns:xsi="http://www.w3.org/2001/XMLSchema-instance"
       xsi:schemaLocation="http://www.springframework.org/schema/beans
       http://www.springframework.org/schema/beans/spring-beans.xsd">


  <bean id="properties" class="nl.vpro.configuration.spring.PropertiesUtil">
    <property name="locations">
      <list>
        <value>classpath:test.properties</value>
      </list>
    </property>
    <property name="ignoreUnresolvablePlaceholders" value="true" />
    <property name="ignoreResourceNotFound" value="true" />
    <property name="systemPropertiesMode" value="#{T(org.springframework.beans.factory.config.PropertyPlaceholderConfigurer).SYSTEM_PROPERTIES_MODE_OVERRIDE}" />
    <property name="registerAsSingletonObjectRegexp" value="^prepr.*" />
  </bean>

  <bean class="nl.vpro.io.prepr.spring.SpringPreprRepositoriesNoCachingConfiguration" depends-on="properties" />

</beans>
